2022-11-30 15:52:21.781  INFO 7516 --- [main] t.d.TranmistterMessageDcApplicationTests : Starting TranmistterMessageDcApplicationTests using Java 17.0.4.1 on MSI with PID 7516 (started by Hafidz in C:\Users\Hafidz\Documents\Django\tranmisttermessage-dc)
2022-11-30 15:52:21.784  INFO 7516 --- [main] t.d.TranmistterMessageDcApplicationTests : No active profile set, falling back to 1 default profile: "default"
2022-11-30 15:52:23.229  INFO 7516 --- [main] .s.d.r.c.RepositoryConfigurationDelegate : Bootstrapping Spring Data JPA repositories in DEFAULT mode.
2022-11-30 15:52:23.330  INFO 7516 --- [main] .s.d.r.c.RepositoryConfigurationDelegate : Finished Spring Data repository scanning in 84 ms. Found 1 JPA repository interfaces.
2022-11-30 15:52:24.755  INFO 7516 --- [main] o.hibernate.jpa.internal.util.LogHelper  : HHH000204: Processing PersistenceUnitInfo [name: default]
2022-11-30 15:52:24.883  INFO 7516 --- [main] org.hibernate.Version                    : HHH000412: Hibernate ORM core version 5.6.12.Final
2022-11-30 15:52:25.386  INFO 7516 --- [main] o.hibernate.annotations.common.Version   : HCANN000001: Hibernate Commons Annotations {5.1.2.Final}
2022-11-30 15:52:26.135  INFO 23780 --- [main] t.d.TranmistterMessageDcApplicationTests : Starting TranmistterMessageDcApplicationTests using Java 17.0.4.1 on MSI with PID 23780 (started by Hafidz in C:\Users\Hafidz\Documents\Django\tranmisttermessage-dc)
2022-11-30 15:52:26.134  INFO 7516 --- [main] com.zaxxer.hikari.HikariDataSource       : HikariPool-1 - Starting...
2022-11-30 15:52:26.139  INFO 23780 --- [main] t.d.TranmistterMessageDcApplicationTests : No active profile set, falling back to 1 default profile: "default"
2022-11-30 15:52:28.781  INFO 23780 --- [main] .s.d.r.c.RepositoryConfigurationDelegate : Bootstrapping Spring Data JPA repositories in DEFAULT mode.
2022-11-30 15:52:28.864  INFO 23780 --- [main] .s.d.r.c.RepositoryConfigurationDelegate : Finished Spring Data repository scanning in 72 ms. Found 1 JPA repository interfaces.
2022-11-30 15:52:29.569  INFO 23780 --- [main] o.hibernate.jpa.internal.util.LogHelper  : HHH000204: Processing PersistenceUnitInfo [name: default]
2022-11-30 15:52:29.650  INFO 23780 --- [main] org.hibernate.Version                    : HHH000412: Hibernate ORM core version 5.6.12.Final
2022-11-30 15:52:29.881  INFO 23780 --- [main] o.hibernate.annotations.common.Version   : HCANN000001: Hibernate Commons Annotations {5.1.2.Final}
2022-11-30 15:52:30.097  INFO 23780 --- [main] com.zaxxer.hikari.HikariDataSource       : HikariPool-1 - Starting...
2022-11-30 15:52:38.863  INFO 7516 --- [main] com.zaxxer.hikari.HikariDataSource       : HikariPool-1 - Start completed.
2022-11-30 15:52:38.864  INFO 23780 --- [main] com.zaxxer.hikari.HikariDataSource       : HikariPool-1 - Start completed.
2022-11-30 15:52:38.891  INFO 7516 --- [main] org.hibernate.dialect.Dialect            : HHH000400: Using dialect: org.hibernate.dialect.MySQL5Dialect
2022-11-30 15:52:38.891  INFO 23780 --- [main] org.hibernate.dialect.Dialect            : HHH000400: Using dialect: org.hibernate.dialect.MySQL5Dialect
2022-11-30 15:52:43.238  INFO 23780 --- [main] o.h.e.t.j.p.i.JtaPlatformInitiator       : HHH000490: Using JtaPlatform implementation: [org.hibernate.engine.transaction.jta.platform.internal.NoJtaPlatform]
2022-11-30 15:52:43.255  INFO 23780 --- [main] j.LocalContainerEntityManagerFactoryBean : Initialized JPA EntityManagerFactory for persistence unit 'default'
2022-11-30 15:52:43.273  INFO 7516 --- [main] o.h.e.t.j.p.i.JtaPlatformInitiator       : HHH000490: Using JtaPlatform implementation: [org.hibernate.engine.transaction.jta.platform.internal.NoJtaPlatform]
2022-11-30 15:52:43.291  INFO 7516 --- [main] j.LocalContainerEntityManagerFactoryBean : Initialized JPA EntityManagerFactory for persistence unit 'default'
2022-11-30 15:52:44.669  WARN 23780 --- [main] JpaBaseConfiguration$JpaWebConfiguration : spring.jpa.open-in-view is enabled by default. Therefore, database queries may be performed during view rendering. Explicitly configure spring.jpa.open-in-view to disable this warning
2022-11-30 15:52:44.678  WARN 7516 --- [main] JpaBaseConfiguration$JpaWebConfiguration : spring.jpa.open-in-view is enabled by default. Therefore, database queries may be performed during view rendering. Explicitly configure spring.jpa.open-in-view to disable this warning
2022-11-30 15:52:56.006  INFO 23780 --- [main] t.d.TranmistterMessageDcApplicationTests : Started TranmistterMessageDcApplicationTests in 30.677 seconds (JVM running for 33.09)
2022-11-30 15:52:56.015  INFO 7516 --- [main] t.d.TranmistterMessageDcApplicationTests : Started TranmistterMessageDcApplicationTests in 35.641 seconds (JVM running for 41.62)
2022-11-30 15:53:18.044  INFO 7516 --- [SpringApplicationShutdownHook] j.LocalContainerEntityManagerFactoryBean : Closing JPA EntityManagerFactory for persistence unit 'default'
2022-11-30 15:53:18.048  INFO 7516 --- [SpringApplicationShutdownHook] com.zaxxer.hikari.HikariDataSource       : HikariPool-1 - Shutdown initiated...
2022-11-30 15:53:18.044  INFO 23780 --- [SpringApplicationShutdownHook] j.LocalContainerEntityManagerFactoryBean : Closing JPA EntityManagerFactory for persistence unit 'default'
2022-11-30 15:53:18.092  INFO 23780 --- [SpringApplicationShutdownHook] com.zaxxer.hikari.HikariDataSource       : HikariPool-1 - Shutdown initiated...
2022-11-30 15:53:18.342  INFO 7516 --- [SpringApplicationShutdownHook] com.zaxxer.hikari.HikariDataSource       : HikariPool-1 - Shutdown completed.
2022-11-30 15:53:18.342  INFO 23780 --- [SpringApplicationShutdownHook] com.zaxxer.hikari.HikariDataSource       : HikariPool-1 - Shutdown completed.
